-------------------------------------------------------------------------------
Test set: TestSuite
-------------------------------------------------------------------------------
Tests run: 7, Failures: 1, Errors: 0, Skipped: 0, Time elapsed: 99.244 s <<< FAILURE! - in TestSuite
FailScreeShotValidation(Assignments.Test6)  Time elapsed: 2.901 s  <<< FAILURE!
java.lang.AssertionError: Course Count should be greater than 7 expected [true] but found [false]
	at Assignments.Test6.FailScreeShotValidation(Test6.java:26)

