<?xml version="1.0" encoding="UTF-8"?>
<testsuite xmlns:xsi="http://www.w3.org/2001/XMLSchema-instance" xsi:noNamespaceSchemaLocation="https://maven.apache.org/surefire/maven-surefire-plugin/xsd/surefire-test-report.xsd" name="TestSuite" time="99.244" tests="7" errors="0" skipped="0" failures="1">
  <properties>
[...]
</properties>
  <testcase name="PageValidation" classname="Assignments.Test1" time="2.97"/>
  <testcase name="ValidateLogInandLogOut" classname="Assignments.Test2" time="10.616"/>
  <testcase name="RegisterNewUser" classname="Assignments.Test3" time="11.096"/>
  <testcase name="CreateAndDeleteNewCourse" classname="Assignments.Test4" time="24.147"/>
  <testcase name="AssignmentAddCategory" classname="Assignments.Test5" time="9.911"/>
  <testcase name="AssignmentUpdateAndDeleteCategory" classname="Assignments.Test5" time="17.826"/>
  <testcase name="FailScreeShotValidation" classname="Assignments.Test6" time="2.901">
    <failure message="Course Count should be greater than 7 expected [true] but found [false]" type="java.lang.AssertionError">java.lang.AssertionError: Course Count should be greater than 7 expected [true] but found [false]
	at Assignments.Test6.FailScreeShotValidation(Test6.java:26)
</failure>
  </testcase>
</testsuite>