<?xml version="1.0" encoding="UTF-8"?>
<testng-results ignored="0" total="7" passed="6" failed="1" skipped="0">
  <reporter-output>
  </reporter-output>
  <suite started-at="2026-05-28T09:44:17 EDT" name="All Test Suite" finished-at="2026-05-28T09:45:55 EDT" duration-ms="98413">
    <groups>
    </groups>
    <test started-at="2026-05-28T09:44:17 EDT" name="Assignments Suite" finished-at="2026-05-28T09:45:55 EDT" duration-ms="98413">
      <class name="Assignments.Test1">
        <test-method is-config="true" signature="setup()[pri:0, instance:Assignments.Test1@6283d8b8]" started-at="2026-05-28T09:44:17 EDT" name="setup" finished-at="2026-05-28T09:44:30 EDT" duration-ms="12796" status="PASS">
          <reporter-output>
          </reporter-output>
        </test-method> <!-- setup -->
        <test-method signature="PageValidation()[pri:0, instance:Assignments.Test1@6283d8b8]" started-at="2026-05-28T09:44:30 EDT" name="PageValidation" finished-at="2026-05-28T09:44:33 EDT" duration-ms="2998" status="PASS">
          <reporter-output>
          </reporter-output>
        </test-method> <!-- PageValidation -->
        <test-method is-config="true" signature="teardown(org.testng.ITestResult)[pri:0, instance:Assignments.Test1@6283d8b8]" started-at="2026-05-28T09:44:33 EDT" name="teardown" finished-at="2026-05-28T09:44:33 EDT" duration-ms="178" status="PASS">
          <params>
            <param index="0">
              <value>
                <![CDATA[[TestResult name=PageValidation status=SUCCESS method=Test1.PageValidation()[pri:0, instance:Assignments.Test1@6283d8b8] output={null}]]]>
              </value>
            </param>
          </params>
          <reporter-output>
          </reporter-output>
        </test-method> <!-- teardown -->
      </class> <!-- Assignments.Test1 -->
      <class name="Assignments.Test3">
        <test-method is-config="true" signature="setup()[pri:0, instance:Assignments.Test3@3a44431a]" started-at="2026-05-28T09:44:45 EDT" name="setup" finished-at="2026-05-28T09:44:46 EDT" duration-ms="932" status="PASS">
          <reporter-output>
          </reporter-output>
        </test-method> <!-- setup -->
        <test-method signature="RegisterNewUser()[pri:0, instance:Assignments.Test3@3a44431a]" started-at="2026-05-28T09:44:46 EDT" name="RegisterNewUser" finished-at="2026-05-28T09:44:57 EDT" duration-ms="11107" status="PASS">
          <reporter-output>
          </reporter-output>
        </test-method> <!-- RegisterNewUser -->
        <test-method is-config="true" signature="teardown(org.testng.ITestResult)[pri:0, instance:Assignments.Test3@3a44431a]" started-at="2026-05-28T09:44:57 EDT" name="teardown" finished-at="2026-05-28T09:44:57 EDT" duration-ms="154" status="PASS">
          <params>
            <param index="0">
              <value>
                <![CDATA[[TestResult name=RegisterNewUser status=SUCCESS method=Test3.RegisterNewUser()[pri:0, instance:Assignments.Test3@3a44431a] output={null}]]]>
              </value>
            </param>
          </params>
          <reporter-output>
          </reporter-output>
        </test-method> <!-- teardown -->
      </class> <!-- Assignments.Test3 -->
      <class name="Assignments.Test2">
        <test-method is-config="true" signature="setup()[pri:0, instance:Assignments.Test2@2ea41516]" started-at="2026-05-28T09:44:33 EDT" name="setup" finished-at="2026-05-28T09:44:34 EDT" duration-ms="951" status="PASS">
          <reporter-output>
          </reporter-output>
        </test-method> <!-- setup -->
        <test-method signature="ValidateLogInandLogOut()[pri:0, instance:Assignments.Test2@2ea41516]" started-at="2026-05-28T09:44:34 EDT" name="ValidateLogInandLogOut" finished-at="2026-05-28T09:44:45 EDT" duration-ms="10614" status="PASS">
          <reporter-output>
          </reporter-output>
        </test-method> <!-- ValidateLogInandLogOut -->
        <test-method is-config="true" signature="teardown(org.testng.ITestResult)[pri:0, instance:Assignments.Test2@2ea41516]" started-at="2026-05-28T09:44:45 EDT" name="teardown" finished-at="2026-05-28T09:44:45 EDT" duration-ms="209" status="PASS">
          <params>
            <param index="0">
              <value>
                <![CDATA[[TestResult name=ValidateLogInandLogOut status=SUCCESS method=Test2.ValidateLogInandLogOut()[pri:0, instance:Assignments.Test2@2ea41516] output={null}]]]>
              </value>
            </param>
          </params>
          <reporter-output>
          </reporter-output>
        </test-method> <!-- teardown -->
      </class> <!-- Assignments.Test2 -->
      <class name="Assignments.Test5">
        <test-method is-config="true" signature="setup()[pri:0, instance:Assignments.Test5@194bcebf]" started-at="2026-05-28T09:45:22 EDT" name="setup" finished-at="2026-05-28T09:45:23 EDT" duration-ms="806" status="PASS">
          <reporter-output>
          </reporter-output>
        </test-method> <!-- setup -->
        <test-method signature="AssignmentAddCategory()[pri:0, instance:Assignments.Test5@194bcebf]" started-at="2026-05-28T09:45:23 EDT" name="AssignmentAddCategory" finished-at="2026-05-28T09:45:33 EDT" duration-ms="9917" status="PASS">
          <reporter-output>
          </reporter-output>
        </test-method> <!-- AssignmentAddCategory -->
        <test-method is-config="true" signature="teardown(org.testng.ITestResult)[pri:0, instance:Assignments.Test5@194bcebf]" started-at="2026-05-28T09:45:33 EDT" name="teardown" finished-at="2026-05-28T09:45:33 EDT" duration-ms="2" status="PASS">
          <params>
            <param index="0">
              <value>
                <![CDATA[[TestResult name=AssignmentAddCategory status=SUCCESS method=Test5.AssignmentAddCategory()[pri:0, instance:Assignments.Test5@194bcebf] output={null}]]]>
              </value>
            </param>
          </params>
          <reporter-output>
          </reporter-output>
        </test-method> <!-- teardown -->
        <test-method is-config="true" signature="setup()[pri:0, instance:Assignments.Test5@194bcebf]" started-at="2026-05-28T09:45:33 EDT" name="setup" finished-at="2026-05-28T09:45:34 EDT" duration-ms="749" status="PASS">
          <reporter-output>
          </reporter-output>
        </test-method> <!-- setup -->
        <test-method signature="AssignmentUpdateAndDeleteCategory()[pri:0, instance:Assignments.Test5@194bcebf]" started-at="2026-05-28T09:45:34 EDT" name="AssignmentUpdateAndDeleteCategory" finished-at="2026-05-28T09:45:51 EDT" duration-ms="17828" status="PASS">
          <reporter-output>
          </reporter-output>
        </test-method> <!-- AssignmentUpdateAndDeleteCategory -->
        <test-method is-config="true" signature="teardown(org.testng.ITestResult)[pri:0, instance:Assignments.Test5@194bcebf]" started-at="2026-05-28T09:45:51 EDT" name="teardown" finished-at="2026-05-28T09:45:51 EDT" duration-ms="3" status="PASS">
          <params>
            <param index="0">
              <value>
                <![CDATA[[TestResult name=AssignmentUpdateAndDeleteCategory status=SUCCESS method=Test5.AssignmentUpdateAndDeleteCategory()[pri:0, instance:Assignments.Test5@194bcebf] output={null}]]]>
              </value>
            </param>
          </params>
          <reporter-output>
          </reporter-output>
        </test-method> <!-- teardown -->
      </class> <!-- Assignments.Test5 -->
      <class name="Assignments.Test4">
        <test-method is-config="true" signature="setup()[pri:0, instance:Assignments.Test4@3c7f66c4]" started-at="2026-05-28T09:44:57 EDT" name="setup" finished-at="2026-05-28T09:44:58 EDT" duration-ms="697" status="PASS">
          <reporter-output>
          </reporter-output>
        </test-method> <!-- setup -->
        <test-method signature="CreateAndDeleteNewCourse()[pri:0, instance:Assignments.Test4@3c7f66c4]" started-at="2026-05-28T09:44:58 EDT" name="CreateAndDeleteNewCourse" finished-at="2026-05-28T09:45:22 EDT" duration-ms="24148" status="PASS">
          <reporter-output>
          </reporter-output>
        </test-method> <!-- CreateAndDeleteNewCourse -->
        <test-method is-config="true" signature="teardown(org.testng.ITestResult)[pri:0, instance:Assignments.Test4@3c7f66c4]" started-at="2026-05-28T09:45:22 EDT" name="teardown" finished-at="2026-05-28T09:45:22 EDT" duration-ms="151" status="PASS">
          <params>
            <param index="0">
              <value>
                <![CDATA[[TestResult name=CreateAndDeleteNewCourse status=SUCCESS method=Test4.CreateAndDeleteNewCourse()[pri:0, instance:Assignments.Test4@3c7f66c4] output={null}]]]>
              </value>
            </param>
          </params>
          <reporter-output>
          </reporter-output>
        </test-method> <!-- teardown -->
      </class> <!-- Assignments.Test4 -->
      <class name="Assignments.Test6">
        <test-method is-config="true" signature="setup()[pri:0, instance:Assignments.Test6@17497425]" started-at="2026-05-28T09:45:51 EDT" name="setup" finished-at="2026-05-28T09:45:52 EDT" duration-ms="758" status="PASS">
          <reporter-output>
          </reporter-output>
        </test-method> <!-- setup -->
        <test-method signature="FailScreeShotValidation()[pri:0, instance:Assignments.Test6@17497425]" started-at="2026-05-28T09:45:52 EDT" name="FailScreeShotValidation" finished-at="2026-05-28T09:45:55 EDT" duration-ms="2890" status="FAIL">
          <exception class="java.lang.AssertionError">
            <message>
              <![CDATA[Course Count should be greater than 7 expected [true] but found [false]]]>
            </message>
            <full-stacktrace>
              <![CDATA[java.lang.AssertionError: Course Count should be greater than 7 expected [true] but found [false]
at org.testng.Assert.fail(Assert.java:111)
at org.testng.Assert.failNotEquals(Assert.java:1578)
at org.testng.Assert.assertTrue(Assert.java:57)
at Assignments.Test6.FailScreeShotValidation(Test6.java:26)
at java.base/jdk.internal.reflect.NativeMethodAccessorImpl.invoke0(Native Method)
at java.base/jdk.internal.reflect.NativeMethodAccessorImpl.invoke(NativeMethodAccessorImpl.java:77)
at java.base/jdk.internal.reflect.DelegatingMethodAccessorImpl.invoke(DelegatingMethodAccessorImpl.java:43)
at java.base/java.lang.reflect.Method.invoke(Method.java:568)
at org.testng.internal.invokers.MethodInvocationHelper.invokeMethod(MethodInvocationHelper.java:139)
at org.testng.internal.invokers.TestInvoker.invokeMethod(TestInvoker.java:664)
at org.testng.internal.invokers.TestInvoker.invokeTestMethod(TestInvoker.java:228)
at org.testng.internal.invokers.MethodRunner.runInSequence(MethodRunner.java:63)
at org.testng.internal.invokers.TestInvoker$MethodInvocationAgent.invoke(TestInvoker.java:961)
at org.testng.internal.invokers.TestInvoker.invokeTestMethods(TestInvoker.java:201)
at org.testng.internal.invokers.TestMethodWorker.invokeTestMethods(TestMethodWorker.java:148)
at org.testng.internal.invokers.TestMethodWorker.run(TestMethodWorker.java:128)
at java.base/java.util.concurrent.Executors$RunnableAdapter.call(Executors.java:539)
at java.base/java.util.concurrent.FutureTask.run(FutureTask.java:264)
at org.testng.internal.thread.graph.TestNGFutureTask.run(TestNGFutureTask.java:22)
at java.base/java.util.concurrent.ThreadPoolExecutor.runWorker(ThreadPoolExecutor.java:1136)
at java.base/java.util.concurrent.ThreadPoolExecutor$Worker.run(ThreadPoolExecutor.java:635)
at java.base/java.lang.Thread.run(Thread.java:833)
]]>
            </full-stacktrace>
          </exception> <!-- java.lang.AssertionError -->
          <reporter-output>
          </reporter-output>
        </test-method> <!-- FailScreeShotValidation -->
        <test-method is-config="true" signature="teardown(org.testng.ITestResult)[pri:0, instance:Assignments.Test6@17497425]" started-at="2026-05-28T09:45:55 EDT" name="teardown" finished-at="2026-05-28T09:45:55 EDT" duration-ms="344" status="PASS">
          <params>
            <param index="0">
              <value>
                <![CDATA[[TestResult name=FailScreeShotValidation status=FAILURE method=Test6.FailScreeShotValidation()[pri:0, instance:Assignments.Test6@17497425] output={null}]]]>
              </value>
            </param>
          </params>
          <reporter-output>
          </reporter-output>
        </test-method> <!-- teardown -->
      </class> <!-- Assignments.Test6 -->
    </test> <!-- Assignments Suite -->
  </suite> <!-- All Test Suite -->
</testng-results>
