<?xml version="1.0" encoding="UTF-8"?>
<!-- Generated by org.testng.reporters.JUnitXMLReporter -->
<testsuite ignored="0" hostname="DESKTOP-VA6QITH" failures="1" tests="7" name="Assignments Suite" time="98.413" errors="0" timestamp="2026-05-28T09:45:55 EDT">
  <testcase classname="Assignments.Test1" name="PageValidation" time="2.998"/>
  <testcase classname="Assignments.Test2" name="ValidateLogInandLogOut" time="10.614"/>
  <testcase classname="Assignments.Test3" name="RegisterNewUser" time="11.107"/>
  <testcase classname="Assignments.Test4" name="CreateAndDeleteNewCourse" time="24.148"/>
  <testcase classname="Assignments.Test5" name="AssignmentAddCategory" time="9.917"/>
  <testcase classname="Assignments.Test5" name="AssignmentUpdateAndDeleteCategory" time="17.828"/>
  <testcase classname="Assignments.Test6" name="FailScreeShotValidation" time="2.89">
    <failure type="java.lang.AssertionError" message="Course Count should be greater than 7 expected [true] but found [false]">
      <![CDATA[java.lang.AssertionError: Course Count should be greater than 7 expected [true] but found [false]
at org.testng.Assert.fail(Assert.java:111)
at org.testng.Assert.failNotEquals(Assert.java:1578)
at org.testng.Assert.assertTrue(Assert.java:57)
at Assignments.Test6.FailScreeShotValidation(Test6.java:26)
at java.base/jdk.internal.reflect.NativeMethodAccessorImpl.invoke0(Native Method)
at java.base/jdk.internal.reflect.NativeMethodAccessorImpl.invoke(NativeMethodAccessorImpl.java:77)
at java.base/jdk.internal.reflect.DelegatingMethodAccessorImpl.invoke(DelegatingMethodAccessorImpl.java:43)
at java.base/java.lang.reflect.Method.invoke(Method.java:568)
at org.testng.internal.invokers.MethodInvocationHelper.invokeMethod(MethodInvocationHelper.java:139)
at org.testng.internal.invokers.TestInvoker.invokeMethod(TestInvoker.java:664)
at org.testng.internal.invokers.TestInvoker.invokeTestMethod(TestInvoker.java:228)
at org.testng.internal.invokers.MethodRunner.runInSequence(MethodRunner.java:63)
at org.testng.internal.invokers.TestInvoker$MethodInvocationAgent.invoke(TestInvoker.java:961)
at org.testng.internal.invokers.TestInvoker.invokeTestMethods(TestInvoker.java:201)
at org.testng.internal.invokers.TestMethodWorker.invokeTestMethods(TestMethodWorker.java:148)
at org.testng.internal.invokers.TestMethodWorker.run(TestMethodWorker.java:128)
at java.base/java.util.concurrent.Executors$RunnableAdapter.call(Executors.java:539)
at java.base/java.util.concurrent.FutureTask.run(FutureTask.java:264)
at org.testng.internal.thread.graph.TestNGFutureTask.run(TestNGFutureTask.java:22)
at java.base/java.util.concurrent.ThreadPoolExecutor.runWorker(ThreadPoolExecutor.java:1136)
at java.base/java.util.concurrent.ThreadPoolExecutor$Worker.run(ThreadPoolExecutor.java:635)
at java.base/java.lang.Thread.run(Thread.java:833)
]]>
    </failure>
  </testcase> <!-- FailScreeShotValidation -->
</testsuite> <!-- Assignments Suite -->
